TN:
SF:src/bus/publisher.js
FN:2,Publisher
FN:6,addNewSubscriber
FN:10,notifyAll
FN:18,notify
FNF:4
FNH:3
FNDA:3,Publisher
FNDA:2,addNewSubscriber
FNDA:1,notifyAll
FNDA:0,notify
DA:1,1
DA:2,1
DA:3,3
DA:4,3
DA:5,1
DA:6,1
DA:7,2
DA:8,2
DA:9,1
DA:10,1
DA:11,1
DA:12,1
DA:13,1
DA:14,0
DA:15,0
DA:16,1
DA:17,1
DA:18,1
DA:19,0
DA:20,0
DA:21,0
DA:22,0
DA:23,0
DA:24,0
DA:25,0
DA:26,1
LF:26
LH:17
BRDA:2,0,0,3
BRDA:6,1,0,2
BRDA:10,2,0,1
BRDA:13,3,0,0
BRDA:12,4,0,1
BRF:5
BRH:4
end_of_record
TN:
SF:src/bus/subscriber.js
FN:4,Subscriber
FN:8,update
FNF:2
FNH:2
FNDA:2,Subscriber
FNDA:1,update
DA:1,1
DA:2,1
DA:3,1
DA:4,1
DA:5,2
DA:6,2
DA:7,1
DA:8,1
DA:9,1
DA:10,1
DA:11,1
DA:12,1
DA:13,1
DA:14,1
DA:15,1
LF:15
LH:15
BRDA:4,0,0,2
BRDA:8,1,0,1
BRDA:10,2,0,0
BRF:3
BRH:2
end_of_record
